2012/03/14 10:51:17 [error] [exception.CDbException] exception 'CDbException' with message 'The table "evaluacion" for active record class "Evaluacion" cannot be found in the database.' in /opt/yii-1.1.8.r3324/framework/db/ar/CActiveRecord.php:2276
Stack trace:
#0 /opt/yii-1.1.8.r3324/framework/db/ar/CActiveRecord.php(372): CActiveRecordMetaData->__construct(Object(Evaluacion))
#1 /opt/yii-1.1.8.r3324/framework/web/CActiveDataProvider.php(72): CActiveRecord::model('Evaluacion')
#2 /home/cmibd/public_html/evad/protected/controllers/EvaluacionController.php(132): CActiveDataProvider->__construct('Evaluacion')
#3 /opt/yii-1.1.8.r3324/framework/web/actions/CInlineAction.php(50): EvaluacionController->actionIndex()
#4 /opt/yii-1.1.8.r3324/framework/web/CController.php(300): CInlineAction->runWithParams(Array)
#5 /opt/yii-1.1.8.r3324/framework/web/filters/CFilterChain.php(134): CController->runAction(Object(CInlineAction))
#6 /opt/yii-1.1.8.r3324/framework/web/filters/CFilter.php(41): CFilterChain->run()
#7 /opt/yii-1.1.8.r3324/framework/web/CController.php(1144): CFilter->filter(Object(CFilterChain))
#8 /opt/yii-1.1.8.r3324/framework/web/filters/CInlineFilter.php(59): CController->filterAccessControl(Object(CFilterChain))
#9 /opt/yii-1.1.8.r3324/framework/web/filters/CFilterChain.php(131): CInlineFilter->filter(Object(CFilterChain))
#10 /opt/yii-1.1.8.r3324/framework/web/CController.php(283): CFilterChain->run()
#11 /opt/yii-1.1.8.r3324/framework/web/CController.php(257): CController->runActionWithFilters(Object(CInlineAction), Array)
#12 /opt/yii-1.1.8.r3324/framework/web/CWebApplication.php(277): CController->run('')
#13 /opt/yii-1.1.8.r3324/framework/web/CWebApplication.php(136): CWebApplication->runController('evaluacion')
#14 /opt/yii-1.1.8.r3324/framework/base/CApplication.php(158): CWebApplication->processRequest()
#15 /home/cmibd/public_html/evad/index.php(13): CApplication->run()
#16 {main} REQUEST_URI=/~cmibd/evad/index.php/evaluacion
2012/03/14 11:39:05 [error] [php] include(usuario.php): failed to open stream: No such file or directory (/opt/yii-1.1.8.r3324/framework/YiiBase.php:421)
Stack trace:
#0 /home/cmibd/public_html/evad/protected/components/UserIdentity.php(37): spl_autoload_call()
#1 /home/cmibd/public_html/evad/protected/models/LoginForm.php(52): UserIdentity->authenticate()
#2 /opt/yii-1.1.8.r3324/framework/validators/CInlineValidator.php(39): LoginForm->authenticate()
#3 /opt/yii-1.1.8.r3324/framework/validators/CValidator.php(192): CInlineValidator->validateAttribute()
#4 /opt/yii-1.1.8.r3324/framework/base/CModel.php(152): CInlineValidator->validate()
#5 /home/cmibd/public_html/evad/protected/controllers/SiteController.php(88): LoginForm->validate()
#6 /opt/yii-1.1.8.r3324/framework/web/actions/CInlineAction.php(50): SiteController->actionLogin()
#7 /opt/yii-1.1.8.r3324/framework/web/CController.php(300): CInlineAction->runWithParams()
#8 /opt/yii-1.1.8.r3324/framework/web/CController.php(278): SiteController->runAction()
#9 /opt/yii-1.1.8.r3324/framework/web/CController.php(257): SiteController->runActionWithFilters()
#10 /opt/yii-1.1.8.r3324/framework/web/CWebApplication.php(277): SiteController->run()
#11 /opt/yii-1.1.8.r3324/framework/web/CWebApplication.php(136): CWebApplication->runController()
#12 /opt/yii-1.1.8.r3324/framework/base/CApplication.php(158): CWebApplication->processRequest()
#13 /home/cmibd/public_html/evad/index.php(13): CWebApplication->run()
REQUEST_URI=/~cmibd/evad/index.php/site/login
in /home/cmibd/public_html/evad/protected/components/UserIdentity.php (37)
in /home/cmibd/public_html/evad/protected/models/LoginForm.php (52)
in /home/cmibd/public_html/evad/protected/controllers/SiteController.php (88)
